//-------------------------- 6/13/2013 -- 00:58:49 -----
Console trace is off.
using display 0x42732c0
Activating the OpenGL display device...
 OpenGLDevice activating...
OpenGL driver information:
  Vendor: Intel Inc.
  Renderer: Intel HD Graphics 3000 OpenGL Engine
  Version: 2.1 INTEL-8.12.47
OpenGL Init: Enabled Extensions
  ARB_multitexture (Max Texture Units: 8)
  EXT_blend_color
  EXT_blend_minmax
  EXT_texture_env_combine
  EXT_packed_pixels
  EXT_fog_coord
  ARB_texture_compression
  EXT_texture_compression_s3tc
  (ARB|EXT)_texture_env_add
  EXT_texture_filter_anisotropic (Max anisotropy: 16.000000)
  Vertical Sync
  ATI_FSAA
OpenGL Init: Disabled Extensions
  EXT_paletted_texture
  EXT_compiled_vertex_array
  NV_vertex_array_range
  3DFX_texture_compression_FXT1

 set screen mode 1000 x 640 x 32, windowed, force it, dont repaint
Max Texture Size reported as: 8192
 set screen mode 1000 x 640 x 32, windowed, dont force it, repaint
Killing the texture manager...
Resurrecting the texture manager...
OpenAL Driver Init
OpenAL Driver Init Success
modules/feupDemic/main.cs (16): Unable to find function enableWinConsole
0 0
modules/feupDemic/main.cs (58): Unable to find function echoInputState
0
Shutting down the OpenGL display device...
Killing the texture manager...
